Arguments: 
  C:\Program Files\nodejs\node.exe D:\Users\Administrador\AppData\Roaming\npm\node_modules\yarn\bin\yarn.js init

PATH: 
  C:\WINDOWS\system32;C:\WINDOWS;C:\WINDOWS\System32\Wbem;C:\WINDOWS\System32\WindowsPowerShell\v1.0\;C:\Program Files (x86)\Sennheiser\SoftphoneSDK\;C:\Program Files\nodejs\;C:\Program Files\dotnet\;C:\Program Files\Microsoft SQL Server\130\Tools\Binn\;C:\Program Files (x86)\dotnet\;C:\Program Files\Git\cmd;D:\Users\Administrador\AppData\Local\Microsoft\WindowsApps;;C:\Program Files\gretl;D:\Users\Administrador\AppData\Roaming\npm;D:\Users\Administrador\.dotnet\tools;C:\Program Files\dotnet\sdk\NuGetFallbackFolder\microsoft.entityframeworkcore.tools\2.1.1\tools;C:\Program Files\dotnet\sdk\NuGetFallbackFolder\microsoft.codeanalysis.analyzers\1.1.0\tools;D:\Users\Administrador\.nuget\packages\microsoft.aspnetcore.razor.design\2.1.1\tools;D:\Users\Administrador\.nuget\packages\microsoft.entityframeworkcore.tools\2.1.4\tools;C:\Program Files\dotnet\sdk\NuGetFallbackFolder\microsoft.aspnetcore.razor.design\2.1.2\tools

Yarn version: 
  1.9.4

Node version: 
  10.9.0

Platform: 
  win32 x64

Trace: 
  Error: Can't answer a question unless a user TTY
      at ConsoleReporter.question (D:\Users\Administrador\AppData\Roaming\npm\node_modules\yarn\lib\cli.js:88073:59)
      at Object.<anonymous> (D:\Users\Administrador\AppData\Roaming\npm\node_modules\yarn\lib\cli.js:80839:38)
      at Generator.next (<anonymous>)
      at step (D:\Users\Administrador\AppData\Roaming\npm\node_modules\yarn\lib\cli.js:92:30)
      at D:\Users\Administrador\AppData\Roaming\npm\node_modules\yarn\lib\cli.js:103:13
      at process._tickCallback (internal/process/next_tick.js:68:7)

npm manifest: 
  No manifest

yarn manifest: 
  No manifest

Lockfile: 
  No lockfile
